<?xml version="1.0" encoding="UTF-8"?>
<!-- Generated by org.testng.reporters.JUnitReportReporter -->
<testsuite hostname="preetiacer" failures="0" tests="5" name="projectObjectModel.AutomationTestsPOM" time="40.269" errors="0" timestamp="2023-02-18T16:50:37 PST" skipped="0">
  <testcase classname="projectObjectModel.AutomationTestsPOM" name="forgotPassword4A" time="6.418"/>
  <system-out/>
  <testcase classname="projectObjectModel.AutomationTestsPOM" name="checkRememberme3" time="13.165"/>
  <system-out/>
  <testcase classname="projectObjectModel.AutomationTestsPOM" name="loginToSalesForce2" time="9.513"/>
  <system-out/>
  <testcase classname="projectObjectModel.AutomationTestsPOM" name="loginErrorMessage1" time="5.653"/>
  <system-out/>
  <testcase classname="projectObjectModel.AutomationTestsPOM" name="forgotPassword4B" time="5.520"/>
  <system-out/>
</testsuite> <!-- projectObjectModel.AutomationTestsPOM -->
