<?xml version="1.0" encoding="UTF-8"?>
<!-- Generated by org.testng.reporters.JUnitReportReporter -->
<testsuite hostname="preetiacer" failures="0" tests="1" name="extra.gridTest" time="19.797" errors="0" timestamp="2023-02-16T18:36:52 PST" skipped="0">
  <testcase classname="extra.gridTest" name="test1" time="19.797"/>
  <system-out/>
</testsuite> <!-- extra.gridTest -->
