<?xml version="1.0" encoding="UTF-8"?>
<!-- Generated by org.testng.reporters.JUnitReportReporter -->
<testsuite hostname="preetiacer" failures="0" tests="5" name="com.Runners.RunnersForLogin" time="38.301" errors="0" timestamp="2023-03-03T14:44:23 PST" skipped="0">
  <testcase classname="com.Runners.RunnersForLogin" name="runScenario" time="8.901"/>
  <system-out/>
  <testcase classname="com.Runners.RunnersForLogin" name="runScenario" time="4.525"/>
  <system-out/>
  <testcase classname="com.Runners.RunnersForLogin" name="runScenario" time="10.422"/>
  <system-out/>
  <testcase classname="com.Runners.RunnersForLogin" name="runScenario" time="5.598"/>
  <system-out/>
  <testcase classname="com.Runners.RunnersForLogin" name="runScenario" time="8.855"/>
  <system-out/>
</testsuite> <!-- com.Runners.RunnersForLogin -->
