<?xml version="1.0" encoding="UTF-8"?>
<!-- Generated by org.testng.reporters.JUnitReportReporter -->
<testsuite hostname="preetiacer" failures="0" tests="5" name="salesForce.SalesForceAutomation" time="20.025" errors="0" timestamp="2023-02-11T12:28:04 PST" skipped="4">
  <testcase classname="salesForce.SalesForceAutomation" name="recurringEvent37" time="20.025"/>
  <system-out/>
  <testcase classname="salesForce.SalesForceAutomation" name="forgotPassword4B">
    <skipped/>
  </testcase> <!-- forgotPassword4B -->
  <system-out/>
  <testcase classname="salesForce.SalesForceAutomation" name="forgotPassword4A">
    <skipped/>
  </testcase> <!-- forgotPassword4A -->
  <system-out/>
  <testcase classname="salesForce.SalesForceAutomation" name="checkRememberme3">
    <skipped/>
  </testcase> <!-- checkRememberme3 -->
  <system-out/>
  <testcase classname="salesForce.SalesForceAutomation" name="loginErrorMessage1">
    <skipped/>
  </testcase> <!-- loginErrorMessage1 -->
  <system-out/>
</testsuite> <!-- salesForce.SalesForceAutomation -->
