<?xml version="1.0" encoding="UTF-8"?>
<!-- Generated by org.testng.reporters.JUnitReportReporter -->
<testsuite hostname="preetiacer" failures="0" tests="5" name="projectObjectModel.AutomationTestsPOM" time="40.492" errors="0" timestamp="2023-02-27T13:54:50 PST" skipped="0">
  <testcase classname="projectObjectModel.AutomationTestsPOM" name="loginErrorMessage1" time="6.071"/>
  <system-out/>
  <testcase classname="projectObjectModel.AutomationTestsPOM" name="forgotPassword4B" time="5.497"/>
  <system-out/>
  <testcase classname="projectObjectModel.AutomationTestsPOM" name="loginToSalesForce2" time="9.750"/>
  <system-out/>
  <testcase classname="projectObjectModel.AutomationTestsPOM" name="forgotPassword4A" time="6.485"/>
  <system-out/>
  <testcase classname="projectObjectModel.AutomationTestsPOM" name="checkRememberme3" time="12.689"/>
  <system-out/>
</testsuite> <!-- projectObjectModel.AutomationTestsPOM -->
